[2018-05-10 16:49:05] [INFO] 启动chrome浏览器
[2018-05-10 16:49:07] [INFO] 打开网址：http://127.0.0.1:8086/discuz/
[2018-05-10 16:49:07] [INFO] 找到了元素 [By.id: ls_username]
[2018-05-10 16:49:07] [INFO] 成功获取元素的定位值 id: ls_username
[2018-05-10 16:49:07] [INFO] 找到相对元素： id: ls_username
[2018-05-10 16:49:07] [INFO] 成功获取元素的定位值 id: ls_username
[2018-05-10 16:49:07] [INFO] 清空元素内容 id: ls_username
[2018-05-10 16:49:08] [INFO] 成功获取元素的定位值 id: ls_username
[2018-05-10 16:49:08] [INFO] 在元素 id: ls_username成功输入内容:admin
[2018-05-10 16:49:08] [INFO] 找到了元素 [By.id: ls_password]
[2018-05-10 16:49:08] [INFO] 成功获取元素的定位值 id: ls_password
[2018-05-10 16:49:08] [INFO] 找到相对元素： id: ls_password
[2018-05-10 16:49:08] [INFO] 成功获取元素的定位值 id: ls_password
[2018-05-10 16:49:08] [INFO] 清空元素内容 id: ls_password
[2018-05-10 16:49:08] [INFO] 成功获取元素的定位值 id: ls_password
[2018-05-10 16:49:08] [INFO] 在元素 id: ls_password成功输入内容:password
[2018-05-10 16:49:08] [INFO] 找到了元素 [By.xpath: //*[@id="lsform"]/div/div/table/tbody/tr[2]/td[3]/button]
[2018-05-10 16:49:08] [INFO] 成功获取元素的定位值 xpath: //*[@id="lsform"]/div/div/table/tbody/tr[2]/td[3]/button
[2018-05-10 16:49:08] [INFO] 找到相对元素： xpath: //*[@id="lsform"]/div/div/table/tbody/tr[2]/td[3]/button
[2018-05-10 16:49:08] [INFO] 成功获取元素的定位值 xpath: //*[@id="lsform"]/div/div/table/tbody/tr[2]/td[3]/button
[2018-05-10 16:49:08] [INFO] 对元素： xpath: //*[@id="lsform"]/div/div/table/tbody/tr[2]/td[3]/button做点击操作
[2018-05-10 16:49:12] [INFO] 找到了元素 [By.xpath: //*[@id="um"]/p[1]/a[6]]
[2018-05-10 16:49:12] [INFO] 成功获取元素的定位值 xpath: //*[@id="um"]/p[1]/a[6]
[2018-05-10 16:49:12] [INFO] 找到相对元素： xpath: //*[@id="um"]/p[1]/a[6]
[2018-05-10 16:49:13] [INFO] 成功获取元素的定位值 xpath: //*[@id="um"]/p[1]/a[6]
[2018-05-10 16:49:13] [INFO] 对元素： xpath: //*[@id="um"]/p[1]/a[6]做点击操作
[2018-05-10 16:49:13] [INFO] 获得当前句柄为：CDwindow-BE7F66872BFF5F0E32FE657B2A14785D
[2018-05-10 16:49:15] [INFO] 找到了元素 [By.xpath: /html/body/table[1]/tbody/tr/td[2]/form/p[4]/input]
[2018-05-10 16:49:15] [INFO] 成功获取元素的定位值 xpath: /html/body/table[1]/tbody/tr/td[2]/form/p[4]/input
[2018-05-10 16:49:15] [INFO] 找到相对元素： xpath: /html/body/table[1]/tbody/tr/td[2]/form/p[4]/input
[2018-05-10 16:49:15] [INFO] 成功获取元素的定位值 xpath: /html/body/table[1]/tbody/tr/td[2]/form/p[4]/input
[2018-05-10 16:49:15] [INFO] 清空元素内容 xpath: /html/body/table[1]/tbody/tr/td[2]/form/p[4]/input
[2018-05-10 16:49:16] [INFO] 成功获取元素的定位值 xpath: /html/body/table[1]/tbody/tr/td[2]/form/p[4]/input
[2018-05-10 16:49:16] [INFO] 在元素 xpath: /html/body/table[1]/tbody/tr/td[2]/form/p[4]/input成功输入内容:password
[2018-05-10 16:49:17] [INFO] 找到了元素 [By.name: submit]
[2018-05-10 16:49:17] [INFO] 成功获取元素的定位值 name: submit
[2018-05-10 16:49:17] [INFO] 找到相对元素： name: submit
