[2018-05-08 18:02:59] [INFO] 启动chrome浏览器
[2018-05-08 18:03:04] [INFO] 打开网址：http://127.0.0.1:8086/discuz/
[2018-05-08 18:03:04] [INFO] 成功获取元素的定位值 id: ls_username
[2018-05-08 18:03:04] [INFO] 找到相对元素： id: ls_username
[2018-05-08 18:03:04] [INFO] 成功获取元素的定位值 id: ls_username
[2018-05-08 18:03:04] [INFO] 清空元素内容 id: ls_username
[2018-05-08 18:03:04] [INFO] 成功获取元素的定位值 id: ls_username
[2018-05-08 18:03:04] [INFO] 在元素 id: ls_username成功输入内容:wtt
[2018-05-08 18:03:05] [INFO] 成功获取元素的定位值 id: ls_password
[2018-05-08 18:03:05] [INFO] 找到相对元素： id: ls_password
[2018-05-08 18:03:05] [INFO] 成功获取元素的定位值 id: ls_password
[2018-05-08 18:03:05] [INFO] 清空元素内容 id: ls_password
[2018-05-08 18:03:05] [INFO] 成功获取元素的定位值 id: ls_password
[2018-05-08 18:03:05] [INFO] 在元素 id: ls_password成功输入内容:123456
[2018-05-08 18:03:05] [INFO] 成功获取元素的定位值 xpath: //*[@id="lsform"]/div/div/table/tbody/tr[2]/td[3]/button
[2018-05-08 18:03:05] [INFO] 找到相对元素： xpath: //*[@id="lsform"]/div/div/table/tbody/tr[2]/td[3]/button
[2018-05-08 18:03:06] [INFO] 成功获取元素的定位值 xpath: //*[@id="lsform"]/div/div/table/tbody/tr[2]/td[3]/button
[2018-05-08 18:03:06] [INFO] 对元素： xpath: //*[@id="lsform"]/div/div/table/tbody/tr[2]/td[3]/button做点击操作
[2018-05-08 18:03:06] [INFO] 成功获取元素的定位值 id: scbar_txt
[2018-05-08 18:03:06] [INFO] 找到相对元素： id: scbar_txt
[2018-05-08 18:03:07] [INFO] 成功获取元素的定位值 id: scbar_txt
[2018-05-08 18:03:07] [INFO] 清空元素内容 id: scbar_txt
[2018-05-08 18:03:09] [INFO] 成功退出浏览器
