[2018-05-08 11:18:42] [INFO] 启动chrome浏览器
[2018-05-08 11:18:45] [INFO] 打开网址：http://127.0.0.1:8086/discuz/
[2018-05-08 11:18:45] [INFO] 成功获取元素的定位值 id: ls_username
[2018-05-08 11:18:45] [INFO] 找到相对元素： id: ls_username
[2018-05-08 11:18:46] [INFO] 成功获取元素的定位值 id: ls_username
[2018-05-08 11:18:46] [INFO] 清空元素内容 id: ls_username
[2018-05-08 11:18:46] [INFO] 成功获取元素的定位值 id: ls_username
[2018-05-08 11:18:46] [INFO] 在元素 id: ls_username成功输入内容:admin
[2018-05-08 11:18:46] [INFO] 成功获取元素的定位值 id: ls_password
[2018-05-08 11:18:46] [INFO] 找到相对元素： id: ls_password
[2018-05-08 11:18:46] [INFO] 成功获取元素的定位值 id: ls_password
[2018-05-08 11:18:46] [INFO] 清空元素内容 id: ls_password
[2018-05-08 11:18:47] [INFO] 成功获取元素的定位值 id: ls_password
[2018-05-08 11:18:47] [INFO] 在元素 id: ls_password成功输入内容:password
[2018-05-08 11:18:47] [INFO] 成功获取元素的定位值 xpath: //*[@id="lsform"]/div/div/table/tbody/tr[2]/td[3]/button
[2018-05-08 11:18:47] [INFO] 找到相对元素： xpath: //*[@id="lsform"]/div/div/table/tbody/tr[2]/td[3]/button
[2018-05-08 11:18:47] [INFO] 成功获取元素的定位值 xpath: //*[@id="lsform"]/div/div/table/tbody/tr[2]/td[3]/button
[2018-05-08 11:18:47] [INFO] 对元素： xpath: //*[@id="lsform"]/div/div/table/tbody/tr[2]/td[3]/button做点击操作
[2018-05-08 11:18:50] [INFO] 成功获取元素的定位值 link text: 默认版块
[2018-05-08 11:18:50] [INFO] 找到相对元素： link text: 默认版块
[2018-05-08 11:18:53] [INFO] 成功获取元素的定位值 link text: 默认版块
[2018-05-08 11:18:53] [INFO] 对元素： link text: 默认版块做点击操作
[2018-05-08 11:19:00] [INFO] 成功退出浏览器
