[2018-05-09 20:42:23] [INFO] 启动chrome浏览器
[2018-05-09 20:42:26] [INFO] 打开网址：http://127.0.0.1:8086/discuz/
[2018-05-09 20:42:26] [INFO] 成功获取元素的定位值 id: ls_username
[2018-05-09 20:42:26] [INFO] 找到相对元素： id: ls_username
[2018-05-09 20:42:26] [INFO] 成功获取元素的定位值 id: ls_username
[2018-05-09 20:42:26] [INFO] 清空元素内容 id: ls_username
[2018-05-09 20:42:27] [INFO] 成功获取元素的定位值 id: ls_username
[2018-05-09 20:42:27] [INFO] 在元素 id: ls_username成功输入内容:admin
[2018-05-09 20:42:27] [INFO] 成功获取元素的定位值 id: ls_password
[2018-05-09 20:42:27] [INFO] 找到相对元素： id: ls_password
[2018-05-09 20:42:27] [INFO] 成功获取元素的定位值 id: ls_password
[2018-05-09 20:42:27] [INFO] 清空元素内容 id: ls_password
[2018-05-09 20:42:27] [INFO] 成功获取元素的定位值 id: ls_password
[2018-05-09 20:42:27] [INFO] 在元素 id: ls_password成功输入内容:password
[2018-05-09 20:42:27] [INFO] 成功获取元素的定位值 xpath: //*[@id="lsform"]/div/div/table/tbody/tr[2]/td[3]/button
[2018-05-09 20:42:27] [INFO] 找到相对元素： xpath: //*[@id="lsform"]/div/div/table/tbody/tr[2]/td[3]/button
[2018-05-09 20:42:27] [INFO] 成功获取元素的定位值 xpath: //*[@id="lsform"]/div/div/table/tbody/tr[2]/td[3]/button
[2018-05-09 20:42:27] [INFO] 对元素： xpath: //*[@id="lsform"]/div/div/table/tbody/tr[2]/td[3]/button做点击操作
[2018-05-09 20:42:31] [INFO] 找到了元素 [By.xpath: //*[@id="um"]/p[1]/a[6]]
[2018-05-09 20:42:31] [INFO] 成功获取元素的定位值 xpath: //*[@id="um"]/p[1]/a[6]
[2018-05-09 20:42:31] [INFO] 找到相对元素： xpath: //*[@id="um"]/p[1]/a[6]
[2018-05-09 20:42:33] [INFO] 成功获取元素的定位值 xpath: //*[@id="um"]/p[1]/a[6]
[2018-05-09 20:42:33] [INFO] 对元素： xpath: //*[@id="um"]/p[1]/a[6]做点击操作
[2018-05-09 20:42:33] [INFO] 获得当前句柄为：CDwindow-790E8EC231C1F7213E1A51473087C02A
[2018-05-09 20:42:44] [ERROR] 超时!! 10 秒之后还没找到元素 [By.xpath: /html/body/table[1]/tbody/tr/td[2]/form/p[4]/input]
