[2018-05-10 16:48:21] [INFO] 启动chrome浏览器
[2018-05-10 16:48:23] [INFO] 打开网址：http://127.0.0.1:8086/discuz/
[2018-05-10 16:48:23] [INFO] 找到了元素 [By.id: ls_username]
[2018-05-10 16:48:23] [INFO] 成功获取元素的定位值 id: ls_username
[2018-05-10 16:48:23] [INFO] 找到相对元素： id: ls_username
[2018-05-10 16:48:23] [INFO] 成功获取元素的定位值 id: ls_username
[2018-05-10 16:48:23] [INFO] 清空元素内容 id: ls_username
[2018-05-10 16:48:24] [INFO] 成功获取元素的定位值 id: ls_username
[2018-05-10 16:48:24] [INFO] 在元素 id: ls_username成功输入内容:admin
[2018-05-10 16:48:24] [INFO] 找到了元素 [By.id: ls_password]
[2018-05-10 16:48:24] [INFO] 成功获取元素的定位值 id: ls_password
[2018-05-10 16:48:24] [INFO] 找到相对元素： id: ls_password
[2018-05-10 16:48:24] [INFO] 成功获取元素的定位值 id: ls_password
[2018-05-10 16:48:24] [INFO] 清空元素内容 id: ls_password
[2018-05-10 16:48:24] [INFO] 成功获取元素的定位值 id: ls_password
[2018-05-10 16:48:24] [INFO] 在元素 id: ls_password成功输入内容:password
[2018-05-10 16:48:24] [INFO] 找到了元素 [By.xpath: //*[@id="lsform"]/div/div/table/tbody/tr[2]/td[3]/button]
[2018-05-10 16:48:24] [INFO] 成功获取元素的定位值 xpath: //*[@id="lsform"]/div/div/table/tbody/tr[2]/td[3]/button
[2018-05-10 16:48:24] [INFO] 找到相对元素： xpath: //*[@id="lsform"]/div/div/table/tbody/tr[2]/td[3]/button
[2018-05-10 16:48:24] [INFO] 成功获取元素的定位值 xpath: //*[@id="lsform"]/div/div/table/tbody/tr[2]/td[3]/button
[2018-05-10 16:48:24] [INFO] 对元素： xpath: //*[@id="lsform"]/div/div/table/tbody/tr[2]/td[3]/button做点击操作
[2018-05-10 16:48:27] [INFO] 找到了元素 [By.xpath: //*[@id="um"]/p[1]/a[6]]
[2018-05-10 16:48:27] [INFO] 成功获取元素的定位值 xpath: //*[@id="um"]/p[1]/a[6]
[2018-05-10 16:48:27] [INFO] 找到相对元素： xpath: //*[@id="um"]/p[1]/a[6]
[2018-05-10 16:48:28] [INFO] 成功获取元素的定位值 xpath: //*[@id="um"]/p[1]/a[6]
[2018-05-10 16:48:28] [INFO] 对元素： xpath: //*[@id="um"]/p[1]/a[6]做点击操作
[2018-05-10 16:48:28] [INFO] 获得当前句柄为：CDwindow-96725031EEEE9A4541DAA52F87436B98
