[2018-05-10 12:05:11] [INFO] 启动chrome浏览器
[2018-05-10 12:05:16] [INFO] 打开网址：http://127.0.0.1:8086/discuz/
[2018-05-10 12:05:16] [INFO] 成功获取元素的定位值 id: ls_username
[2018-05-10 12:05:16] [INFO] 找到相对元素： id: ls_username
[2018-05-10 12:05:17] [INFO] 成功获取元素的定位值 id: ls_username
[2018-05-10 12:05:17] [INFO] 清空元素内容 id: ls_username
[2018-05-10 12:05:17] [INFO] 成功获取元素的定位值 id: ls_username
[2018-05-10 12:05:17] [INFO] 在元素 id: ls_username成功输入内容:admin
[2018-05-10 12:05:17] [INFO] 成功获取元素的定位值 id: ls_password
[2018-05-10 12:05:17] [INFO] 找到相对元素： id: ls_password
[2018-05-10 12:05:18] [INFO] 成功获取元素的定位值 id: ls_password
[2018-05-10 12:05:18] [INFO] 清空元素内容 id: ls_password
[2018-05-10 12:05:18] [INFO] 成功获取元素的定位值 id: ls_password
[2018-05-10 12:05:18] [INFO] 在元素 id: ls_password成功输入内容:password
[2018-05-10 12:05:18] [INFO] 成功获取元素的定位值 xpath: //*[@id="lsform"]/div/div/table/tbody/tr[2]/td[3]/button
[2018-05-10 12:05:18] [INFO] 找到相对元素： xpath: //*[@id="lsform"]/div/div/table/tbody/tr[2]/td[3]/button
[2018-05-10 12:05:19] [INFO] 成功获取元素的定位值 xpath: //*[@id="lsform"]/div/div/table/tbody/tr[2]/td[3]/button
[2018-05-10 12:05:19] [INFO] 对元素： xpath: //*[@id="lsform"]/div/div/table/tbody/tr[2]/td[3]/button做点击操作
[2018-05-10 12:05:22] [INFO] 成功获取元素的定位值 xpath: //*[@id="category_1"]/table/tbody/tr[1]/td[2]/h2/a
[2018-05-10 12:05:22] [INFO] 找到相对元素： xpath: //*[@id="category_1"]/table/tbody/tr[1]/td[2]/h2/a
[2018-05-10 12:05:25] [INFO] 成功获取元素的定位值 xpath: //*[@id="category_1"]/table/tbody/tr[1]/td[2]/h2/a
[2018-05-10 12:05:25] [INFO] 对元素： xpath: //*[@id="category_1"]/table/tbody/tr[1]/td[2]/h2/a做点击操作
[2018-05-10 12:05:26] [INFO] 找到了元素 [By.xpath: //*[@id="newspecial"]/img]
[2018-05-10 12:05:26] [INFO] 成功获取元素的定位值 xpath: //*[@id="newspecial"]/img
[2018-05-10 12:05:26] [INFO] 找到相对元素： xpath: //*[@id="newspecial"]/img
[2018-05-10 12:05:28] [INFO] 成功获取元素的定位值 xpath: //*[@id="newspecial"]/img
[2018-05-10 12:05:28] [INFO] 对元素： xpath: //*[@id="newspecial"]/img做点击操作
[2018-05-10 12:05:28] [INFO] 找到了元素 [By.linkText: 发起投票]
[2018-05-10 12:05:28] [INFO] 成功获取元素的定位值 link text: 发起投票
[2018-05-10 12:05:28] [INFO] 找到相对元素： link text: 发起投票
[2018-05-10 12:05:30] [INFO] 成功获取元素的定位值 link text: 发起投票
[2018-05-10 12:05:30] [INFO] 对元素： link text: 发起投票做点击操作
[2018-05-10 12:05:30] [INFO] 找到了元素 [By.id: subject]
[2018-05-10 12:05:30] [INFO] 成功获取元素的定位值 id: subject
[2018-05-10 12:05:30] [INFO] 找到相对元素： id: subject
[2018-05-10 12:05:30] [INFO] 成功获取元素的定位值 id: subject
[2018-05-10 12:05:30] [INFO] 清空元素内容 id: subject
[2018-05-10 12:05:31] [INFO] 成功获取元素的定位值 id: subject
[2018-05-10 12:05:31] [INFO] 在元素 id: subject成功输入内容:投票
[2018-05-10 12:05:31] [INFO] 找到了元素 [By.xpath: /html/body/div[7]/form/div/div/div[2]/div[4]/div[1]/div[2]/p[1]/input]
[2018-05-10 12:05:31] [INFO] 成功获取元素的定位值 xpath: /html/body/div[7]/form/div/div/div[2]/div[4]/div[1]/div[2]/p[1]/input
[2018-05-10 12:05:31] [INFO] 找到相对元素： xpath: /html/body/div[7]/form/div/div/div[2]/div[4]/div[1]/div[2]/p[1]/input
[2018-05-10 12:05:31] [INFO] 成功获取元素的定位值 xpath: /html/body/div[7]/form/div/div/div[2]/div[4]/div[1]/div[2]/p[1]/input
[2018-05-10 12:05:31] [INFO] 清空元素内容 xpath: /html/body/div[7]/form/div/div/div[2]/div[4]/div[1]/div[2]/p[1]/input
[2018-05-10 12:05:31] [INFO] 成功获取元素的定位值 xpath: /html/body/div[7]/form/div/div/div[2]/div[4]/div[1]/div[2]/p[1]/input
[2018-05-10 12:05:31] [INFO] 在元素 xpath: /html/body/div[7]/form/div/div/div[2]/div[4]/div[1]/div[2]/p[1]/input成功输入内容:1
[2018-05-10 12:05:31] [INFO] 找到了元素 [By.xpath: /html/body/div[7]/form/div/div/div[2]/div[4]/div[1]/div[2]/p[2]/input]
[2018-05-10 12:05:31] [INFO] 成功获取元素的定位值 xpath: /html/body/div[7]/form/div/div/div[2]/div[4]/div[1]/div[2]/p[2]/input
[2018-05-10 12:05:31] [INFO] 找到相对元素： xpath: /html/body/div[7]/form/div/div/div[2]/div[4]/div[1]/div[2]/p[2]/input
[2018-05-10 12:05:32] [INFO] 成功获取元素的定位值 xpath: /html/body/div[7]/form/div/div/div[2]/div[4]/div[1]/div[2]/p[2]/input
[2018-05-10 12:05:32] [INFO] 清空元素内容 xpath: /html/body/div[7]/form/div/div/div[2]/div[4]/div[1]/div[2]/p[2]/input
[2018-05-10 12:05:32] [INFO] 成功获取元素的定位值 xpath: /html/body/div[7]/form/div/div/div[2]/div[4]/div[1]/div[2]/p[2]/input
[2018-05-10 12:05:32] [INFO] 在元素 xpath: /html/body/div[7]/form/div/div/div[2]/div[4]/div[1]/div[2]/p[2]/input成功输入内容:2
[2018-05-10 12:05:33] [INFO] 找到了元素 [By.xpath: /html/body/div[7]/form/div/div/div[2]/div[4]/div[1]/div[2]/p[3]/input]
[2018-05-10 12:05:33] [INFO] 成功获取元素的定位值 xpath: /html/body/div[7]/form/div/div/div[2]/div[4]/div[1]/div[2]/p[3]/input
[2018-05-10 12:05:33] [INFO] 找到相对元素： xpath: /html/body/div[7]/form/div/div/div[2]/div[4]/div[1]/div[2]/p[3]/input
[2018-05-10 12:05:33] [INFO] 成功获取元素的定位值 xpath: /html/body/div[7]/form/div/div/div[2]/div[4]/div[1]/div[2]/p[3]/input
[2018-05-10 12:05:33] [INFO] 清空元素内容 xpath: /html/body/div[7]/form/div/div/div[2]/div[4]/div[1]/div[2]/p[3]/input
[2018-05-10 12:05:34] [INFO] 成功获取元素的定位值 xpath: /html/body/div[7]/form/div/div/div[2]/div[4]/div[1]/div[2]/p[3]/input
[2018-05-10 12:05:34] [INFO] 在元素 xpath: /html/body/div[7]/form/div/div/div[2]/div[4]/div[1]/div[2]/p[3]/input成功输入内容:3
[2018-05-10 12:05:35] [INFO] 找到了元素 [By.xpath: /html/body]
[2018-05-10 12:05:35] [INFO] 成功获取元素的定位值 xpath: /html/body
[2018-05-10 12:05:35] [INFO] 找到相对元素： xpath: /html/body
[2018-05-10 12:05:35] [INFO] 成功获取元素的定位值 xpath: /html/body
[2018-05-10 12:05:35] [INFO] 清空元素内容 xpath: /html/body
[2018-05-10 12:05:36] [INFO] 成功获取元素的定位值 xpath: /html/body
[2018-05-10 12:05:36] [INFO] 在元素 xpath: /html/body成功输入内容:为你哭
[2018-05-10 12:05:46] [ERROR] 超时!! 10 秒之后还没找到元素 [By.xpath: //*[@id="postsubmit"]]
