[2018-05-09 21:25:49] [INFO] 启动chrome浏览器
[2018-05-09 21:25:52] [INFO] 打开网址：http://127.0.0.1:8086/discuz/
[2018-05-09 21:25:52] [INFO] 成功获取元素的定位值 id: ls_username
[2018-05-09 21:25:52] [INFO] 找到相对元素： id: ls_username
[2018-05-09 21:25:52] [INFO] 成功获取元素的定位值 id: ls_username
[2018-05-09 21:25:52] [INFO] 清空元素内容 id: ls_username
[2018-05-09 21:25:53] [INFO] 成功获取元素的定位值 id: ls_username
[2018-05-09 21:25:53] [INFO] 在元素 id: ls_username成功输入内容:wtt
[2018-05-09 21:25:53] [INFO] 成功获取元素的定位值 id: ls_password
[2018-05-09 21:25:53] [INFO] 找到相对元素： id: ls_password
[2018-05-09 21:25:53] [INFO] 成功获取元素的定位值 id: ls_password
[2018-05-09 21:25:53] [INFO] 清空元素内容 id: ls_password
[2018-05-09 21:25:53] [INFO] 成功获取元素的定位值 id: ls_password
[2018-05-09 21:25:53] [INFO] 在元素 id: ls_password成功输入内容:123456
[2018-05-09 21:25:53] [INFO] 成功获取元素的定位值 xpath: //*[@id="lsform"]/div/div/table/tbody/tr[2]/td[3]/button
[2018-05-09 21:25:53] [INFO] 找到相对元素： xpath: //*[@id="lsform"]/div/div/table/tbody/tr[2]/td[3]/button
[2018-05-09 21:25:54] [INFO] 成功获取元素的定位值 xpath: //*[@id="lsform"]/div/div/table/tbody/tr[2]/td[3]/button
[2018-05-09 21:25:54] [INFO] 对元素： xpath: //*[@id="lsform"]/div/div/table/tbody/tr[2]/td[3]/button做点击操作
[2018-05-09 21:25:54] [INFO] 成功获取元素的定位值 xpath: //*[@id="scbar_txt"]
[2018-05-09 21:25:54] [INFO] 找到相对元素： xpath: //*[@id="scbar_txt"]
[2018-05-09 21:25:55] [INFO] 成功获取元素的定位值 xpath: //*[@id="scbar_txt"]
[2018-05-09 21:25:55] [INFO] 清空元素内容 xpath: //*[@id="scbar_txt"]
