[2018-05-09 09:10:05] [INFO] 启动chrome浏览器
[2018-05-09 09:10:08] [INFO] 打开网址：http://127.0.0.1:8086/discuz/
[2018-05-09 09:10:08] [INFO] 成功获取元素的定位值 id: ls_username
[2018-05-09 09:10:08] [INFO] 找到相对元素： id: ls_username
[2018-05-09 09:10:08] [INFO] 成功获取元素的定位值 id: ls_username
[2018-05-09 09:10:08] [INFO] 清空元素内容 id: ls_username
[2018-05-09 09:10:09] [INFO] 成功获取元素的定位值 id: ls_username
[2018-05-09 09:10:09] [INFO] 在元素 id: ls_username成功输入内容:admin
[2018-05-09 09:10:09] [INFO] 成功获取元素的定位值 id: ls_password
[2018-05-09 09:10:09] [INFO] 找到相对元素： id: ls_password
[2018-05-09 09:10:09] [INFO] 成功获取元素的定位值 id: ls_password
[2018-05-09 09:10:09] [INFO] 清空元素内容 id: ls_password
[2018-05-09 09:10:09] [INFO] 成功获取元素的定位值 id: ls_password
[2018-05-09 09:10:09] [INFO] 在元素 id: ls_password成功输入内容:password
[2018-05-09 09:10:09] [INFO] 成功获取元素的定位值 xpath: //*[@id="lsform"]/div/div/table/tbody/tr[2]/td[3]/button
[2018-05-09 09:10:09] [INFO] 找到相对元素： xpath: //*[@id="lsform"]/div/div/table/tbody/tr[2]/td[3]/button
[2018-05-09 09:10:09] [INFO] 成功获取元素的定位值 xpath: //*[@id="lsform"]/div/div/table/tbody/tr[2]/td[3]/button
[2018-05-09 09:10:09] [INFO] 对元素： xpath: //*[@id="lsform"]/div/div/table/tbody/tr[2]/td[3]/button做点击操作
[2018-05-09 09:10:12] [INFO] 成功获取元素的定位值 link text: 管理中心
[2018-05-09 09:10:12] [INFO] 找到相对元素： link text: 管理中心
[2018-05-09 09:10:13] [INFO] 成功获取元素的定位值 link text: 管理中心
[2018-05-09 09:10:13] [INFO] 对元素： link text: 管理中心做点击操作
