[2018-05-10 16:06:16] [INFO] 启动chrome浏览器
[2018-05-10 16:06:19] [INFO] 打开网址：http://127.0.0.1:8086/discuz/
[2018-05-10 16:06:19] [INFO] 找到了元素 [By.id: ls_username]
[2018-05-10 16:06:19] [INFO] 成功获取元素的定位值 id: ls_username
[2018-05-10 16:06:19] [INFO] 找到相对元素： id: ls_username
[2018-05-10 16:06:19] [INFO] 成功获取元素的定位值 id: ls_username
[2018-05-10 16:06:19] [INFO] 清空元素内容 id: ls_username
[2018-05-10 16:06:20] [INFO] 成功获取元素的定位值 id: ls_username
[2018-05-10 16:06:20] [INFO] 在元素 id: ls_username成功输入内容:admin
[2018-05-10 16:06:20] [INFO] 找到了元素 [By.id: ls_password]
[2018-05-10 16:06:20] [INFO] 成功获取元素的定位值 id: ls_password
[2018-05-10 16:06:20] [INFO] 找到相对元素： id: ls_password
[2018-05-10 16:06:20] [INFO] 成功获取元素的定位值 id: ls_password
[2018-05-10 16:06:20] [INFO] 清空元素内容 id: ls_password
[2018-05-10 16:06:21] [INFO] 成功获取元素的定位值 id: ls_password
[2018-05-10 16:06:21] [INFO] 在元素 id: ls_password成功输入内容:password
[2018-05-10 16:06:21] [INFO] 找到了元素 [By.xpath: //*[@id="lsform"]/div/div/table/tbody/tr[2]/td[3]/button]
[2018-05-10 16:06:21] [INFO] 成功获取元素的定位值 xpath: //*[@id="lsform"]/div/div/table/tbody/tr[2]/td[3]/button
[2018-05-10 16:06:21] [INFO] 找到相对元素： xpath: //*[@id="lsform"]/div/div/table/tbody/tr[2]/td[3]/button
[2018-05-10 16:06:21] [INFO] 成功获取元素的定位值 xpath: //*[@id="lsform"]/div/div/table/tbody/tr[2]/td[3]/button
[2018-05-10 16:06:21] [INFO] 对元素： xpath: //*[@id="lsform"]/div/div/table/tbody/tr[2]/td[3]/button做点击操作
[2018-05-10 16:06:24] [INFO] 成功获取元素的定位值 xpath: //*[@id="category_1"]/table/tbody/tr[1]/td[2]/h2/a
[2018-05-10 16:06:24] [INFO] 找到相对元素： xpath: //*[@id="category_1"]/table/tbody/tr[1]/td[2]/h2/a
[2018-05-10 16:06:26] [INFO] 成功获取元素的定位值 xpath: //*[@id="category_1"]/table/tbody/tr[1]/td[2]/h2/a
[2018-05-10 16:06:26] [INFO] 对元素： xpath: //*[@id="category_1"]/table/tbody/tr[1]/td[2]/h2/a做点击操作
[2018-05-10 16:06:29] [INFO] 找到了元素 [By.xpath: //*[@id="subject"]]
[2018-05-10 16:06:29] [INFO] 成功获取元素的定位值 xpath: //*[@id="subject"]
[2018-05-10 16:06:29] [INFO] 找到相对元素： xpath: //*[@id="subject"]
[2018-05-10 16:06:30] [INFO] 成功获取元素的定位值 xpath: //*[@id="subject"]
[2018-05-10 16:06:30] [INFO] 清空元素内容 xpath: //*[@id="subject"]
[2018-05-10 16:06:30] [INFO] 成功获取元素的定位值 xpath: //*[@id="subject"]
[2018-05-10 16:06:30] [INFO] 在元素 xpath: //*[@id="subject"]成功输入内容:abc
[2018-05-10 16:06:30] [INFO] 找到了元素 [By.id: fastpostmessage]
[2018-05-10 16:06:31] [INFO] 成功获取元素的定位值 id: fastpostmessage
[2018-05-10 16:06:31] [INFO] 找到相对元素： id: fastpostmessage
[2018-05-10 16:06:31] [INFO] 成功获取元素的定位值 id: fastpostmessage
[2018-05-10 16:06:31] [INFO] 清空元素内容 id: fastpostmessage
[2018-05-10 16:06:31] [INFO] 成功获取元素的定位值 id: fastpostmessage
[2018-05-10 16:06:31] [INFO] 在元素 id: fastpostmessage成功输入内容:abc
[2018-05-10 16:06:31] [INFO] 找到了元素 [By.id: fastpostsubmit]
[2018-05-10 16:06:31] [INFO] 成功获取元素的定位值 id: fastpostsubmit
[2018-05-10 16:06:31] [INFO] 找到相对元素： id: fastpostsubmit
[2018-05-10 16:06:32] [INFO] 成功获取元素的定位值 id: fastpostsubmit
[2018-05-10 16:06:32] [INFO] 对元素： id: fastpostsubmit做点击操作
[2018-05-10 16:06:32] [INFO] 找到了元素 [By.xpath: //*[@id="um"]/p[1]/a[7]]
[2018-05-10 16:06:32] [INFO] 成功获取元素的定位值 xpath: //*[@id="um"]/p[1]/a[7]
[2018-05-10 16:06:32] [INFO] 找到相对元素： xpath: //*[@id="um"]/p[1]/a[7]
[2018-05-10 16:06:35] [INFO] 成功获取元素的定位值 xpath: //*[@id="um"]/p[1]/a[7]
[2018-05-10 16:06:35] [INFO] 对元素： xpath: //*[@id="um"]/p[1]/a[7]做点击操作
