[2018-05-09 21:09:48] [INFO] 启动chrome浏览器
[2018-05-09 21:09:51] [INFO] 打开网址：http://127.0.0.1:8086/discuz/
[2018-05-09 21:09:51] [INFO] 成功获取元素的定位值 id: ls_username
[2018-05-09 21:09:51] [INFO] 找到相对元素： id: ls_username
[2018-05-09 21:09:51] [INFO] 成功获取元素的定位值 id: ls_username
[2018-05-09 21:09:51] [INFO] 清空元素内容 id: ls_username
[2018-05-09 21:09:52] [INFO] 成功获取元素的定位值 id: ls_username
[2018-05-09 21:09:52] [INFO] 在元素 id: ls_username成功输入内容:wtt
[2018-05-09 21:09:52] [INFO] 成功获取元素的定位值 id: ls_password
[2018-05-09 21:09:52] [INFO] 找到相对元素： id: ls_password
[2018-05-09 21:09:52] [INFO] 成功获取元素的定位值 id: ls_password
[2018-05-09 21:09:52] [INFO] 清空元素内容 id: ls_password
[2018-05-09 21:09:52] [INFO] 成功获取元素的定位值 id: ls_password
[2018-05-09 21:09:52] [INFO] 在元素 id: ls_password成功输入内容:123456
[2018-05-09 21:09:52] [INFO] 成功获取元素的定位值 xpath: //*[@id="lsform"]/div/div/table/tbody/tr[2]/td[3]/button
[2018-05-09 21:09:52] [INFO] 找到相对元素： xpath: //*[@id="lsform"]/div/div/table/tbody/tr[2]/td[3]/button
[2018-05-09 21:09:52] [INFO] 成功获取元素的定位值 xpath: //*[@id="lsform"]/div/div/table/tbody/tr[2]/td[3]/button
[2018-05-09 21:09:52] [INFO] 对元素： xpath: //*[@id="lsform"]/div/div/table/tbody/tr[2]/td[3]/button做点击操作
[2018-05-09 21:09:52] [INFO] 成功获取元素的定位值 link text: 新版块名称
[2018-05-09 21:09:52] [INFO] 找到相对元素： link text: 新版块名称
[2018-05-09 21:09:53] [INFO] 成功获取元素的定位值 link text: 新版块名称
[2018-05-09 21:09:53] [INFO] 对元素： link text: 新版块名称做点击操作
[2018-05-09 21:09:54] [INFO] 找到了元素 [By.id: subject]
[2018-05-09 21:09:54] [INFO] 成功获取元素的定位值 id: subject
[2018-05-09 21:09:54] [INFO] 找到相对元素： id: subject
[2018-05-09 21:09:54] [INFO] 成功获取元素的定位值 id: subject
[2018-05-09 21:09:54] [INFO] 清空元素内容 id: subject
[2018-05-09 21:09:54] [INFO] 成功获取元素的定位值 id: subject
[2018-05-09 21:09:54] [INFO] 在元素 id: subject成功输入内容:付款了吗V
[2018-05-09 21:09:54] [INFO] 找到了元素 [By.id: fastpostmessage]
[2018-05-09 21:09:54] [INFO] 成功获取元素的定位值 id: fastpostmessage
[2018-05-09 21:09:54] [INFO] 找到相对元素： id: fastpostmessage
[2018-05-09 21:09:55] [INFO] 成功获取元素的定位值 id: fastpostmessage
[2018-05-09 21:09:55] [INFO] 清空元素内容 id: fastpostmessage
[2018-05-09 21:09:55] [INFO] 成功获取元素的定位值 id: fastpostmessage
[2018-05-09 21:09:55] [INFO] 在元素 id: fastpostmessage成功输入内容:时空女神
[2018-05-09 21:09:55] [INFO] 成功获取元素的定位值 id: fastpostsubmit
[2018-05-09 21:09:55] [INFO] 找到相对元素： id: fastpostsubmit
[2018-05-09 21:09:55] [INFO] 成功获取元素的定位值 id: fastpostsubmit
[2018-05-09 21:09:55] [INFO] 对元素： id: fastpostsubmit做点击操作
[2018-05-09 21:09:55] [INFO] 找到了元素 [By.className: pt]
[2018-05-09 21:09:55] [INFO] 成功获取元素的定位值 class name: pt
[2018-05-09 21:09:55] [INFO] 找到相对元素： class name: pt
[2018-05-09 21:09:56] [INFO] 成功获取元素的定位值 class name: pt
[2018-05-09 21:09:56] [INFO] 清空元素内容 class name: pt
[2018-05-09 21:09:56] [INFO] 成功获取元素的定位值 class name: pt
[2018-05-09 21:09:56] [INFO] 在元素 class name: pt成功输入内容:四大皆空烦恼
[2018-05-09 21:10:07] [ERROR] 超时!! 10 秒之后还没找到元素 [By.name: replysubmit]
