[2018-05-08 11:25:38] [INFO] 启动chrome浏览器
[2018-05-08 11:25:41] [INFO] 打开网址：http://127.0.0.1:8086/discuz/
[2018-05-08 11:25:41] [INFO] 成功获取元素的定位值 id: ls_username
[2018-05-08 11:25:41] [INFO] 找到相对元素： id: ls_username
[2018-05-08 11:25:41] [INFO] 成功获取元素的定位值 id: ls_username
[2018-05-08 11:25:41] [INFO] 清空元素内容 id: ls_username
[2018-05-08 11:25:42] [INFO] 成功获取元素的定位值 id: ls_username
[2018-05-08 11:25:42] [INFO] 在元素 id: ls_username成功输入内容:admin
[2018-05-08 11:25:42] [INFO] 成功获取元素的定位值 id: ls_password
[2018-05-08 11:25:42] [INFO] 找到相对元素： id: ls_password
[2018-05-08 11:25:43] [INFO] 成功获取元素的定位值 id: ls_password
[2018-05-08 11:25:43] [INFO] 清空元素内容 id: ls_password
[2018-05-08 11:25:44] [INFO] 成功获取元素的定位值 id: ls_password
[2018-05-08 11:25:44] [INFO] 在元素 id: ls_password成功输入内容:password
[2018-05-08 11:25:44] [INFO] 成功获取元素的定位值 xpath: //*[@id="lsform"]/div/div/table/tbody/tr[2]/td[3]/button
[2018-05-08 11:25:44] [INFO] 找到相对元素： xpath: //*[@id="lsform"]/div/div/table/tbody/tr[2]/td[3]/button
[2018-05-08 11:25:44] [INFO] 成功获取元素的定位值 xpath: //*[@id="lsform"]/div/div/table/tbody/tr[2]/td[3]/button
[2018-05-08 11:25:44] [INFO] 对元素： xpath: //*[@id="lsform"]/div/div/table/tbody/tr[2]/td[3]/button做点击操作
[2018-05-08 11:25:47] [INFO] 成功获取元素的定位值 link text: 默认版块
[2018-05-08 11:25:47] [INFO] 找到相对元素： link text: 默认版块
[2018-05-08 11:25:49] [INFO] 成功获取元素的定位值 link text: 默认版块
[2018-05-08 11:25:49] [INFO] 对元素： link text: 默认版块做点击操作
[2018-05-08 11:25:51] [INFO] 成功获取元素的定位值 id: subject
[2018-05-08 11:25:51] [INFO] 找到相对元素： id: subject
[2018-05-08 11:25:51] [INFO] 成功获取元素的定位值 id: subject
[2018-05-08 11:25:51] [INFO] 清空元素内容 id: subject
[2018-05-08 11:25:52] [INFO] 成功获取元素的定位值 id: subject
[2018-05-08 11:25:52] [INFO] 在元素 id: subject成功输入内容:abc
[2018-05-08 11:25:52] [INFO] 成功获取元素的定位值 id: fastpostmessage
[2018-05-08 11:25:52] [INFO] 找到相对元素： id: fastpostmessage
[2018-05-08 11:25:53] [INFO] 成功获取元素的定位值 id: fastpostmessage
[2018-05-08 11:25:53] [INFO] 清空元素内容 id: fastpostmessage
[2018-05-08 11:25:54] [INFO] 成功获取元素的定位值 id: fastpostmessage
[2018-05-08 11:25:54] [INFO] 在元素 id: fastpostmessage成功输入内容:abc
[2018-05-08 11:25:54] [INFO] 成功获取元素的定位值 id: fastpostsubmit
[2018-05-08 11:25:54] [INFO] 找到相对元素： id: fastpostsubmit
[2018-05-08 11:25:55] [INFO] 成功获取元素的定位值 id: fastpostsubmit
[2018-05-08 11:25:55] [INFO] 对元素： id: fastpostsubmit做点击操作
[2018-05-08 11:26:04] [INFO] 成功退出浏览器
