[2018-05-09 21:22:32] [INFO] 启动chrome浏览器
[2018-05-09 21:22:35] [INFO] 打开网址：http://127.0.0.1:8086/discuz/
[2018-05-09 21:22:35] [INFO] 成功获取元素的定位值 id: ls_username
[2018-05-09 21:22:35] [INFO] 找到相对元素： id: ls_username
[2018-05-09 21:22:35] [INFO] 成功获取元素的定位值 id: ls_username
[2018-05-09 21:22:35] [INFO] 清空元素内容 id: ls_username
[2018-05-09 21:22:35] [INFO] 成功获取元素的定位值 id: ls_username
[2018-05-09 21:22:35] [INFO] 在元素 id: ls_username成功输入内容:wtt
[2018-05-09 21:22:35] [INFO] 成功获取元素的定位值 id: ls_password
[2018-05-09 21:22:35] [INFO] 找到相对元素： id: ls_password
[2018-05-09 21:22:35] [INFO] 成功获取元素的定位值 id: ls_password
[2018-05-09 21:22:35] [INFO] 清空元素内容 id: ls_password
[2018-05-09 21:22:36] [INFO] 成功获取元素的定位值 id: ls_password
[2018-05-09 21:22:36] [INFO] 在元素 id: ls_password成功输入内容:123456
[2018-05-09 21:22:36] [INFO] 成功获取元素的定位值 xpath: //*[@id="lsform"]/div/div/table/tbody/tr[2]/td[3]/button
[2018-05-09 21:22:36] [INFO] 找到相对元素： xpath: //*[@id="lsform"]/div/div/table/tbody/tr[2]/td[3]/button
[2018-05-09 21:22:36] [INFO] 成功获取元素的定位值 xpath: //*[@id="lsform"]/div/div/table/tbody/tr[2]/td[3]/button
[2018-05-09 21:22:36] [INFO] 对元素： xpath: //*[@id="lsform"]/div/div/table/tbody/tr[2]/td[3]/button做点击操作
[2018-05-09 21:22:36] [INFO] 找到了元素 [By.name: srchtxt]
[2018-05-09 21:22:36] [INFO] 成功获取元素的定位值 name: srchtxt
[2018-05-09 21:22:36] [INFO] 找到相对元素： name: srchtxt
