[2018-05-08 11:12:16] [INFO] 启动chrome浏览器
[2018-05-08 11:12:18] [INFO] 打开网址：http://127.0.0.1:8086/discuz/
[2018-05-08 11:12:18] [INFO] 成功获取元素的定位值 id: ls_username
[2018-05-08 11:12:18] [INFO] 找到相对元素： id: ls_username
[2018-05-08 11:12:18] [INFO] 成功获取元素的定位值 id: ls_username
[2018-05-08 11:12:18] [INFO] 清空元素内容 id: ls_username
[2018-05-08 11:12:19] [INFO] 成功获取元素的定位值 id: ls_username
[2018-05-08 11:12:19] [INFO] 在元素 id: ls_username成功输入内容:admin
[2018-05-08 11:12:19] [INFO] 成功获取元素的定位值 id: ls_password
[2018-05-08 11:12:19] [INFO] 找到相对元素： id: ls_password
[2018-05-08 11:12:19] [INFO] 成功获取元素的定位值 id: ls_password
[2018-05-08 11:12:19] [INFO] 清空元素内容 id: ls_password
[2018-05-08 11:12:20] [INFO] 成功获取元素的定位值 id: ls_password
[2018-05-08 11:12:20] [INFO] 在元素 id: ls_password成功输入内容:password
[2018-05-08 11:12:20] [INFO] 成功获取元素的定位值 xpath: //*[@id="lsform"]/div/div/table/tbody/tr[2]/td[3]/button
[2018-05-08 11:12:20] [INFO] 找到相对元素： xpath: //*[@id="lsform"]/div/div/table/tbody/tr[2]/td[3]/button
[2018-05-08 11:12:21] [INFO] 成功获取元素的定位值 xpath: //*[@id="lsform"]/div/div/table/tbody/tr[2]/td[3]/button
[2018-05-08 11:12:21] [INFO] 对元素： xpath: //*[@id="lsform"]/div/div/table/tbody/tr[2]/td[3]/button做点击操作
[2018-05-08 11:12:25] [INFO] 成功获取元素的定位值 link text: 默认版块
[2018-05-08 11:12:25] [INFO] 找到相对元素： link text: 默认版块
[2018-05-08 11:12:27] [INFO] 成功获取元素的定位值 link text: 默认版块
[2018-05-08 11:12:27] [INFO] 对元素： link text: 默认版块做点击操作
[2018-05-08 11:12:29] [INFO] 成功获取元素的定位值 id: subject
[2018-05-08 11:12:29] [INFO] 找到相对元素： id: subject
[2018-05-08 11:12:29] [INFO] 成功获取元素的定位值 id: subject
[2018-05-08 11:12:29] [INFO] 清空元素内容 id: subject
[2018-05-08 11:12:30] [INFO] 成功获取元素的定位值 id: subject
[2018-05-08 11:12:30] [INFO] 在元素 id: subject成功输入内容:abc
[2018-05-08 11:12:30] [INFO] 成功获取元素的定位值 id: fastpostmessage
[2018-05-08 11:12:30] [INFO] 找到相对元素： id: fastpostmessage
[2018-05-08 11:12:31] [INFO] 成功获取元素的定位值 id: fastpostmessage
[2018-05-08 11:12:31] [INFO] 清空元素内容 id: fastpostmessage
[2018-05-08 11:12:31] [INFO] 成功获取元素的定位值 id: fastpostmessage
[2018-05-08 11:12:31] [INFO] 在元素 id: fastpostmessage成功输入内容:abc
[2018-05-08 11:12:31] [INFO] 成功获取元素的定位值 id: fastpostsubmit
[2018-05-08 11:12:31] [INFO] 找到相对元素： id: fastpostsubmit
[2018-05-08 11:12:32] [INFO] 成功获取元素的定位值 id: fastpostsubmit
[2018-05-08 11:12:32] [INFO] 对元素： id: fastpostsubmit做点击操作
[2018-05-08 11:12:37] [INFO] 成功退出浏览器
