[2018-05-08 18:10:30] [INFO] 启动chrome浏览器
[2018-05-08 18:10:34] [INFO] 打开网址：http://127.0.0.1:8086/discuz/
[2018-05-08 18:10:35] [INFO] 成功获取元素的定位值 id: ls_username
[2018-05-08 18:10:35] [INFO] 找到相对元素： id: ls_username
[2018-05-08 18:10:35] [INFO] 成功获取元素的定位值 id: ls_username
[2018-05-08 18:10:35] [INFO] 清空元素内容 id: ls_username
[2018-05-08 18:10:35] [INFO] 成功获取元素的定位值 id: ls_username
[2018-05-08 18:10:35] [INFO] 在元素 id: ls_username成功输入内容:wtt
[2018-05-08 18:10:35] [INFO] 成功获取元素的定位值 id: ls_password
[2018-05-08 18:10:35] [INFO] 找到相对元素： id: ls_password
[2018-05-08 18:10:36] [INFO] 成功获取元素的定位值 id: ls_password
[2018-05-08 18:10:36] [INFO] 清空元素内容 id: ls_password
[2018-05-08 18:10:36] [INFO] 成功获取元素的定位值 id: ls_password
[2018-05-08 18:10:36] [INFO] 在元素 id: ls_password成功输入内容:123456
[2018-05-08 18:10:36] [INFO] 成功获取元素的定位值 xpath: //*[@id="lsform"]/div/div/table/tbody/tr[2]/td[3]/button
[2018-05-08 18:10:36] [INFO] 找到相对元素： xpath: //*[@id="lsform"]/div/div/table/tbody/tr[2]/td[3]/button
[2018-05-08 18:10:37] [INFO] 成功获取元素的定位值 xpath: //*[@id="lsform"]/div/div/table/tbody/tr[2]/td[3]/button
[2018-05-08 18:10:37] [INFO] 对元素： xpath: //*[@id="lsform"]/div/div/table/tbody/tr[2]/td[3]/button做点击操作
[2018-05-08 18:10:40] [INFO] 成功获取元素的定位值 id: scbar_txt
[2018-05-08 18:10:40] [INFO] 找到相对元素： id: scbar_txt
[2018-05-08 18:10:40] [INFO] 成功获取元素的定位值 id: scbar_txt
[2018-05-08 18:10:40] [INFO] 清空元素内容 id: scbar_txt
[2018-05-08 18:10:41] [INFO] 成功获取元素的定位值 id: scbar_txt
[2018-05-08 18:10:41] [INFO] 在元素 id: scbar_txt成功输入内容:haotest
[2018-05-08 18:10:41] [INFO] 成功获取元素的定位值 id: scbar_btn
[2018-05-08 18:10:41] [INFO] 找到相对元素： id: scbar_btn
[2018-05-08 18:10:42] [INFO] 成功获取元素的定位值 id: scbar_btn
[2018-05-08 18:10:42] [INFO] 对元素： id: scbar_btn做点击操作
[2018-05-08 18:10:47] [INFO] 成功退出浏览器
