[2018-05-09 20:55:22] [INFO] 启动chrome浏览器
[2018-05-09 20:55:25] [INFO] 打开网址：http://127.0.0.1:8086/discuz/
[2018-05-09 20:55:25] [INFO] 成功获取元素的定位值 id: ls_username
[2018-05-09 20:55:25] [INFO] 找到相对元素： id: ls_username
[2018-05-09 20:55:25] [INFO] 成功获取元素的定位值 id: ls_username
[2018-05-09 20:55:25] [INFO] 清空元素内容 id: ls_username
[2018-05-09 20:55:25] [INFO] 成功获取元素的定位值 id: ls_username
[2018-05-09 20:55:25] [INFO] 在元素 id: ls_username成功输入内容:admin
[2018-05-09 20:55:25] [INFO] 成功获取元素的定位值 id: ls_password
[2018-05-09 20:55:25] [INFO] 找到相对元素： id: ls_password
[2018-05-09 20:55:25] [INFO] 成功获取元素的定位值 id: ls_password
[2018-05-09 20:55:25] [INFO] 清空元素内容 id: ls_password
[2018-05-09 20:55:26] [INFO] 成功获取元素的定位值 id: ls_password
[2018-05-09 20:55:26] [INFO] 在元素 id: ls_password成功输入内容:password
[2018-05-09 20:55:26] [INFO] 成功获取元素的定位值 xpath: //*[@id="lsform"]/div/div/table/tbody/tr[2]/td[3]/button
[2018-05-09 20:55:26] [INFO] 找到相对元素： xpath: //*[@id="lsform"]/div/div/table/tbody/tr[2]/td[3]/button
[2018-05-09 20:55:26] [INFO] 成功获取元素的定位值 xpath: //*[@id="lsform"]/div/div/table/tbody/tr[2]/td[3]/button
[2018-05-09 20:55:26] [INFO] 对元素： xpath: //*[@id="lsform"]/div/div/table/tbody/tr[2]/td[3]/button做点击操作
[2018-05-09 20:55:29] [INFO] 找到了元素 [By.xpath: //*[@id="um"]/p[1]/a[6]]
[2018-05-09 20:55:29] [INFO] 成功获取元素的定位值 xpath: //*[@id="um"]/p[1]/a[6]
[2018-05-09 20:55:29] [INFO] 找到相对元素： xpath: //*[@id="um"]/p[1]/a[6]
[2018-05-09 20:55:31] [INFO] 成功获取元素的定位值 xpath: //*[@id="um"]/p[1]/a[6]
[2018-05-09 20:55:31] [INFO] 对元素： xpath: //*[@id="um"]/p[1]/a[6]做点击操作
[2018-05-09 20:55:32] [INFO] 获得当前句柄为：CDwindow-0CE7D241DF43FB875D6F68EC4A33DC82
[2018-05-09 20:55:34] [INFO] 找到了元素 [By.xpath: /html/body/table[1]/tbody/tr/td[2]/form/p[4]/input]
[2018-05-09 20:55:34] [INFO] 成功获取元素的定位值 xpath: /html/body/table[1]/tbody/tr/td[2]/form/p[4]/input
[2018-05-09 20:55:34] [INFO] 找到相对元素： xpath: /html/body/table[1]/tbody/tr/td[2]/form/p[4]/input
[2018-05-09 20:55:34] [INFO] 成功获取元素的定位值 xpath: /html/body/table[1]/tbody/tr/td[2]/form/p[4]/input
[2018-05-09 20:55:34] [INFO] 清空元素内容 xpath: /html/body/table[1]/tbody/tr/td[2]/form/p[4]/input
[2018-05-09 20:55:34] [INFO] 成功获取元素的定位值 xpath: /html/body/table[1]/tbody/tr/td[2]/form/p[4]/input
[2018-05-09 20:55:34] [INFO] 在元素 xpath: /html/body/table[1]/tbody/tr/td[2]/form/p[4]/input成功输入内容:password
[2018-05-09 20:55:35] [INFO] 找到了元素 [By.name: submit]
[2018-05-09 20:55:35] [INFO] 成功获取元素的定位值 name: submit
[2018-05-09 20:55:35] [INFO] 找到相对元素： name: submit
[2018-05-09 20:56:00] [INFO] 成功获取元素的定位值 name: submit
[2018-05-09 20:56:00] [INFO] 对元素： name: submit做点击操作
[2018-05-09 20:56:00] [INFO] 找到对应title，当前页面正确：Discuz! Board 管理中心 - 首页
[2018-05-09 20:56:00] [INFO] 找到了元素 [By.linkText: 论坛]
[2018-05-09 20:56:00] [INFO] 成功获取元素的定位值 link text: 论坛
[2018-05-09 20:56:00] [INFO] 找到相对元素： link text: 论坛
[2018-05-09 20:56:01] [INFO] 成功获取元素的定位值 link text: 论坛
[2018-05-09 20:56:01] [INFO] 对元素： link text: 论坛做点击操作
[2018-05-09 20:56:02] [INFO] 找到了元素 [By.linkText: 添加新版块]
[2018-05-09 20:56:02] [INFO] 成功获取元素的定位值 link text: 添加新版块
[2018-05-09 20:56:02] [INFO] 找到相对元素： link text: 添加新版块
[2018-05-09 20:56:03] [INFO] 成功获取元素的定位值 link text: 添加新版块
[2018-05-09 20:56:03] [INFO] 对元素： link text: 添加新版块做点击操作
[2018-05-09 20:56:03] [INFO] 找到了元素 [By.id: submit_editsubmit]
[2018-05-09 20:56:03] [INFO] 成功获取元素的定位值 id: submit_editsubmit
[2018-05-09 20:56:03] [INFO] 找到相对元素： id: submit_editsubmit
[2018-05-09 20:56:04] [INFO] 成功获取元素的定位值 id: submit_editsubmit
[2018-05-09 20:56:04] [INFO] 对元素： id: submit_editsubmit做点击操作
[2018-05-09 20:56:14] [ERROR] 超时!! 10 秒之后还没找到元素 [By.linkText: 退出]
