[2018-05-08 11:20:32] [INFO] 启动chrome浏览器
[2018-05-08 11:20:34] [INFO] 打开网址：http://127.0.0.1:8086/discuz/
[2018-05-08 11:20:34] [INFO] 成功获取元素的定位值 id: ls_username
[2018-05-08 11:20:34] [INFO] 找到相对元素： id: ls_username
[2018-05-08 11:20:35] [INFO] 成功获取元素的定位值 id: ls_username
[2018-05-08 11:20:35] [INFO] 清空元素内容 id: ls_username
[2018-05-08 11:20:35] [INFO] 成功获取元素的定位值 id: ls_username
[2018-05-08 11:20:35] [INFO] 在元素 id: ls_username成功输入内容:admin
[2018-05-08 11:20:35] [INFO] 成功获取元素的定位值 id: ls_password
[2018-05-08 11:20:35] [INFO] 找到相对元素： id: ls_password
[2018-05-08 11:20:35] [INFO] 成功获取元素的定位值 id: ls_password
[2018-05-08 11:20:35] [INFO] 清空元素内容 id: ls_password
[2018-05-08 11:20:36] [INFO] 成功获取元素的定位值 id: ls_password
[2018-05-08 11:20:36] [INFO] 在元素 id: ls_password成功输入内容:password
[2018-05-08 11:20:36] [INFO] 成功获取元素的定位值 xpath: //*[@id="lsform"]/div/div/table/tbody/tr[2]/td[3]/button
[2018-05-08 11:20:36] [INFO] 找到相对元素： xpath: //*[@id="lsform"]/div/div/table/tbody/tr[2]/td[3]/button
[2018-05-08 11:20:36] [INFO] 成功获取元素的定位值 xpath: //*[@id="lsform"]/div/div/table/tbody/tr[2]/td[3]/button
[2018-05-08 11:20:36] [INFO] 对元素： xpath: //*[@id="lsform"]/div/div/table/tbody/tr[2]/td[3]/button做点击操作
[2018-05-08 11:20:40] [INFO] 成功获取元素的定位值 link text: 默认版块
[2018-05-08 11:20:40] [INFO] 找到相对元素： link text: 默认版块
[2018-05-08 11:20:42] [INFO] 成功获取元素的定位值 link text: 默认版块
[2018-05-08 11:20:42] [INFO] 对元素： link text: 默认版块做点击操作
[2018-05-08 11:20:44] [INFO] 成功获取元素的定位值 xpath: /html/body/div[7]/div[4]/div/div/div[4]/div[2]/form/table/tbody[2]/tr/th/a[2]
[2018-05-08 11:20:44] [INFO] 找到相对元素： xpath: /html/body/div[7]/div[4]/div/div/div[4]/div[2]/form/table/tbody[2]/tr/th/a[2]
[2018-05-08 11:20:48] [INFO] 成功获取元素的定位值 xpath: /html/body/div[7]/div[4]/div/div/div[4]/div[2]/form/table/tbody[2]/tr/th/a[2]
[2018-05-08 11:20:48] [INFO] 对元素： xpath: /html/body/div[7]/div[4]/div/div/div[4]/div[2]/form/table/tbody[2]/tr/th/a[2]做点击操作
[2018-05-08 11:20:49] [INFO] 成功获取元素的定位值 class name: pt
[2018-05-08 11:20:49] [INFO] 找到相对元素： class name: pt
[2018-05-08 11:20:49] [INFO] 成功获取元素的定位值 class name: pt
[2018-05-08 11:20:49] [INFO] 清空元素内容 class name: pt
[2018-05-08 11:20:49] [INFO] 成功获取元素的定位值 class name: pt
[2018-05-08 11:20:49] [INFO] 在元素 class name: pt成功输入内容:jknvfksn
[2018-05-08 11:20:55] [INFO] 成功退出浏览器
