[2018-05-09 21:23:33] [INFO] 启动chrome浏览器
[2018-05-09 21:23:36] [INFO] 打开网址：http://127.0.0.1:8086/discuz/
[2018-05-09 21:23:36] [INFO] 成功获取元素的定位值 id: ls_username
[2018-05-09 21:23:36] [INFO] 找到相对元素： id: ls_username
[2018-05-09 21:23:37] [INFO] 成功获取元素的定位值 id: ls_username
[2018-05-09 21:23:37] [INFO] 清空元素内容 id: ls_username
[2018-05-09 21:23:37] [INFO] 成功获取元素的定位值 id: ls_username
[2018-05-09 21:23:37] [INFO] 在元素 id: ls_username成功输入内容:wtt
[2018-05-09 21:23:37] [INFO] 成功获取元素的定位值 id: ls_password
[2018-05-09 21:23:37] [INFO] 找到相对元素： id: ls_password
[2018-05-09 21:23:37] [INFO] 成功获取元素的定位值 id: ls_password
[2018-05-09 21:23:37] [INFO] 清空元素内容 id: ls_password
[2018-05-09 21:23:37] [INFO] 成功获取元素的定位值 id: ls_password
[2018-05-09 21:23:37] [INFO] 在元素 id: ls_password成功输入内容:123456
[2018-05-09 21:23:37] [INFO] 成功获取元素的定位值 xpath: //*[@id="lsform"]/div/div/table/tbody/tr[2]/td[3]/button
[2018-05-09 21:23:37] [INFO] 找到相对元素： xpath: //*[@id="lsform"]/div/div/table/tbody/tr[2]/td[3]/button
[2018-05-09 21:23:38] [INFO] 成功获取元素的定位值 xpath: //*[@id="lsform"]/div/div/table/tbody/tr[2]/td[3]/button
[2018-05-09 21:23:38] [INFO] 对元素： xpath: //*[@id="lsform"]/div/div/table/tbody/tr[2]/td[3]/button做点击操作
[2018-05-09 21:23:38] [INFO] 成功获取元素的定位值 name: srchtxt
[2018-05-09 21:23:38] [INFO] 找到相对元素： name: srchtxt
[2018-05-09 21:23:38] [INFO] 成功获取元素的定位值 name: srchtxt
[2018-05-09 21:23:38] [INFO] 清空元素内容 name: srchtxt
[2018-05-09 21:23:39] [INFO] 成功获取元素的定位值 name: srchtxt
[2018-05-09 21:23:39] [INFO] 在元素 name: srchtxt成功输入内容:haotest
[2018-05-09 21:23:39] [INFO] 找到了元素 [By.id: scbar_btn]
[2018-05-09 21:23:39] [INFO] 成功获取元素的定位值 id: scbar_btn
[2018-05-09 21:23:39] [INFO] 找到相对元素： id: scbar_btn
[2018-05-09 21:23:39] [INFO] 成功获取元素的定位值 id: scbar_btn
[2018-05-09 21:23:39] [INFO] 对元素： id: scbar_btn做点击操作
[2018-05-09 21:23:39] [INFO] 获得当前句柄为：CDwindow-AE1A76750ED9AE7AC48B319585F04793
[2018-05-09 21:23:50] [ERROR] 超时!! 10 秒之后还没找到元素 [By.xpath: //*[@id="7"]/h3/a/strong/font]
